<?xml version="1.0" encoding="UTF-8" ?>
<testsuite tests="7" failures="0" name="com.shiftvisionapi.test.HeatClinicTest" time="7.237" errors="0" skipped="0">
  <properties>
[...]
</properties>
  <testcase classname="com.shiftvisionapi.test.HeatClinicTest" name="searchTestProducts_01" time="4.293"/>
  <testcase classname="com.shiftvisionapi.test.HeatClinicTest" name="test_01" time="0.997"/>
  <testcase classname="com.shiftvisionapi.test.HeatClinicTest" name="test_02" time="0.444"/>
  <testcase classname="com.shiftvisionapi.test.HeatClinicTest" name="test_03" time="0.47"/>
  <testcase classname="com.shiftvisionapi.test.HeatClinicTest" name="test_04" time="0.363"/>
  <testcase classname="com.shiftvisionapi.test.HeatClinicTest" name="test_05" time="0.338"/>
  <testcase classname="com.shiftvisionapi.test.HeatClinicTest" name="test_06" time="0.332"/>
</testsuite>