<?xml version="1.0" encoding="UTF-8"?>
<!-- Generated by org.testng.reporters.JUnitXMLReporter -->
<testsuite hostname="DESKTOP-UQG4TMJ" ignored="0" name="Command line test" tests="7" failures="0" timestamp="2020-12-03T02:43:22 EST" time="6.977" errors="0">
  <testcase name="searchTestProducts_01" time="4.285" classname="com.shiftvisionapi.test.HeatClinicTest"/>
  <testcase name="test_01" time="0.358" classname="com.shiftvisionapi.test.HeatClinicTest"/>
  <testcase name="test_02" time="0.312" classname="com.shiftvisionapi.test.HeatClinicTest"/>
  <testcase name="test_03" time="0.18" classname="com.shiftvisionapi.test.HeatClinicTest"/>
  <testcase name="test_04" time="0.405" classname="com.shiftvisionapi.test.HeatClinicTest"/>
  <testcase name="test_05" time="0.312" classname="com.shiftvisionapi.test.HeatClinicTest"/>
  <testcase name="test_06" time="0.138" classname="com.shiftvisionapi.test.HeatClinicTest"/>
</testsuite> <!-- Command line test -->
